Unity Editor version:    2021.3.2f1 (d6360bedb9a0)
Branch:                  2021.3/staging
Build type:              Release
Batch mode:              YES
macOS version:           Version 12.4 (Build 21F79)
Darwin version:          21.5.0
Architecture:            x86_64
Running under Rosetta:   YES
Available memory:        16384 MB
Using pre-set license
Pro License: YES

COMMAND LINE ARGUMENTS:
/Users/nambbo/Documents/2021.3.2f1/Unity.app/Contents/MacOS/Unity
-adb2
-batchMode
-noUpm
-name
AssetImportWorker0
-projectPath
/Users/nambbo/Documents/GitHub/Back Duck def
-logFile
Logs/AssetImportWorker0.log
-srvPort
49755
Successfully changed project path to: /Users/nambbo/Documents/GitHub/Back Duck def
/Users/nambbo/Documents/GitHub/Back Duck def
[UnityMemory] Configuration Parameters - Can be set up in boot.config
    "memorysetup-bucket-allocator-granularity=16"
    "memorysetup-bucket-allocator-bucket-count=8"
    "memorysetup-bucket-allocator-block-size=33554432"
    "memorysetup-bucket-allocator-block-count=8"
    "memorysetup-main-allocator-block-size=16777216"
    "memorysetup-thread-allocator-block-size=16777216"
    "memorysetup-gfx-main-allocator-block-size=16777216"
    "memorysetup-gfx-thread-allocator-block-size=16777216"
    "memorysetup-cache-allocator-block-size=4194304"
    "memorysetup-typetree-allocator-block-size=2097152"
    "memorysetup-profiler-bucket-allocator-granularity=16"
    "memorysetup-profiler-bucket-allocator-bucket-count=8"
    "memorysetup-profiler-bucket-allocator-block-size=33554432"
    "memorysetup-profiler-bucket-allocator-block-count=8"
    "memorysetup-profiler-allocator-block-size=16777216"
    "memorysetup-profiler-editor-allocator-block-size=1048576"
    "memorysetup-temp-allocator-size-main=16777216"
    "memorysetup-job-temp-allocator-block-size=2097152"
    "memorysetup-job-temp-allocator-block-size-background=1048576"
    "memorysetup-job-temp-allocator-reduction-small-platforms=262144"
    "memorysetup-temp-allocator-size-background-worker=32768"
    "memorysetup-temp-allocator-size-job-worker=262144"
    "memorysetup-temp-allocator-size-preload-manager=33554432"
    "memorysetup-temp-allocator-size-nav-mesh-worker=65536"
    "memorysetup-temp-allocator-size-audio-worker=65536"
    "memorysetup-temp-allocator-size-cloud-worker=32768"
    "memorysetup-temp-allocator-size-gi-baking-worker=262144"
    "memorysetup-temp-allocator-size-gfx=262144"
Refreshing native plugins compatible for Editor in 111.88 ms, found 2 plugins.
Preloading 0 native plugins for Editor in 0.00 ms.
Initialize engine version: 2021.3.2f1 (d6360bedb9a0)
[Subsystems] Discovering subsystems at path /Users/nambbo/Documents/2021.3.2f1/Unity.app/Contents/Resources/UnitySubsystems
[Subsystems] Discovering subsystems at path /Users/nambbo/Documents/GitHub/Back Duck def/Assets
GfxDevice: creating device client; threaded=0; jobified=0
 preferred device: Apple M1 Pro (high power)
Metal devices available: 1
0: Apple M1 Pro (high power)
Using device Apple M1 Pro (high power)
Initializing Metal device caps: Apple M1 Pro
Initialize mono
Mono path[0] = '/Users/nambbo/Documents/2021.3.2f1/Unity.app/Contents/Managed'
Mono path[1] = '/Users/nambbo/Documents/2021.3.2f1/Unity.app/Contents/MonoBleedingEdge/lib/mono/unityjit-macos'
Mono config path = '/Users/nambbo/Documents/2021.3.2f1/Unity.app/Contents/MonoBleedingEdge/etc'
Using monoOptions --debugger-agent=transport=dt_socket,embedding=1,server=y,suspend=n,address=127.0.0.1:56832
Begin MonoManager ReloadAssembly
Registering precompiled unity dll's ...
Register platform support module: /Users/nambbo/Documents/2021.3.2f1/PlaybackEngines/WebGLSupport/UnityEditor.WebGL.Extensions.dll
Register platform support module: /Users/nambbo/Documents/2021.3.2f1/Unity.app/Contents/PlaybackEngines/MacStandaloneSupport/UnityEditor.OSXStandalone.Extensions.dll
Register platform support module: /Users/nambbo/Documents/2021.3.2f1/PlaybackEngines/AndroidPlayer/UnityEditor.Android.Extensions.dll
Register platform support module: /Users/nambbo/Documents/2021.3.2f1/PlaybackEngines/iOSSupport/UnityEditor.iOS.Extensions.dll
Registered in 0.002636 seconds.
[usbmuxd] Start listen thread
[usbmuxd] Listen thread started
[usbmuxd] Send listen message
Native extension for iOS target not found
Native extension for Android target not found
Native extension for OSXStandalone target not found
Native extension for WebGL target not found
Refreshing native plugins compatible for Editor in 116.03 ms, found 2 plugins.
Preloading 0 native plugins for Editor in 0.00 ms.
Mono: successfully reloaded assembly
- Completed reload, in  2.234 seconds
Domain Reload Profiling:
	ReloadAssembly (2236ms)
		BeginReloadAssembly (182ms)
			ExecutionOrderSort (0ms)
			DisableScriptedObjects (0ms)
			BackupInstance (0ms)
			ReleaseScriptingObjects (0ms)
			CreateAndSetChildDomain (3ms)
		EndReloadAssembly (1751ms)
			LoadAssemblies (181ms)
			RebuildTransferFunctionScriptingTraits (0ms)
			SetupTypeCache (164ms)
			ReleaseScriptCaches (0ms)
			RebuildScriptCaches (46ms)
			SetupLoadedEditorAssemblies (1340ms)
				LogAssemblyErrors (0ms)
				InitializePlatformSupportModulesInManaged (321ms)
				SetLoadedEditorAssemblies (1ms)
				RefreshPlugins (116ms)
				BeforeProcessingInitializeOnLoad (5ms)
				ProcessInitializeOnLoadAttributes (458ms)
				ProcessInitializeOnLoadMethodAttributes (438ms)
				AfterProcessingInitializeOnLoad (0ms)
				EditorAssembliesLoaded (1ms)
			ExecutionOrderSort2 (0ms)
			AwakeInstancesAfterBackupRestoration (0ms)
Platform modules already initialized, skipping
Registering precompiled user dll's ...
Registered in 0.002383 seconds.
Begin MonoManager ReloadAssembly
Symbol file LoadedFromMemory doesn't match image /Users/nambbo/Documents/GitHub/Back Duck def/Library/PackageCache/com.unity.visualscripting@1.7.6/Editor/VisualScripting.Core/Dependencies/YamlDotNet/Unity.VisualScripting.YamlDotNet.dll
Symbol file LoadedFromMemory doesn't match image /Users/nambbo/Documents/GitHub/Back Duck def/Library/PackageCache/com.unity.visualscripting@1.7.6/Editor/VisualScripting.Core/Dependencies/DotNetZip/Unity.VisualScripting.IonicZip.dll
Native extension for iOS target not found
Native extension for Android target not found
Native extension for OSXStandalone target not found
Native extension for WebGL target not found
Refreshing native plugins compatible for Editor in 0.77 ms, found 2 plugins.
Preloading 0 native plugins for Editor in 0.00 ms.
Mono: successfully reloaded assembly
- Completed reload, in  3.279 seconds
Domain Reload Profiling:
	ReloadAssembly (3284ms)
		BeginReloadAssembly (612ms)
			ExecutionOrderSort (0ms)
			DisableScriptedObjects (56ms)
			BackupInstance (0ms)
			ReleaseScriptingObjects (0ms)
			CreateAndSetChildDomain (191ms)
		EndReloadAssembly (2252ms)
			LoadAssemblies (204ms)
			RebuildTransferFunctionScriptingTraits (0ms)
			SetupTypeCache (405ms)
			ReleaseScriptCaches (5ms)
			RebuildScriptCaches (69ms)
			SetupLoadedEditorAssemblies (1396ms)
				LogAssemblyErrors (0ms)
				InitializePlatformSupportModulesInManaged (92ms)
				SetLoadedEditorAssemblies (1ms)
				RefreshPlugins (1ms)
				BeforeProcessingInitializeOnLoad (150ms)
				ProcessInitializeOnLoadAttributes (1016ms)
				ProcessInitializeOnLoadMethodAttributes (134ms)
				AfterProcessingInitializeOnLoad (1ms)
				EditorAssembliesLoaded (0ms)
			ExecutionOrderSort2 (0ms)
			AwakeInstancesAfterBackupRestoration (13ms)
Platform modules already initialized, skipping
========================================================================
Worker process is ready to serve import requests
Launching external process: /Users/nambbo/Documents/2021.3.2f1/Unity.app/Contents/Tools/UnityShaderCompiler
Launched and connected shader compiler UnityShaderCompiler after 0.11 seconds
Refreshing native plugins compatible for Editor in 0.73 ms, found 2 plugins.
Preloading 0 native plugins for Editor in 0.00 ms.
Unloading 3416 Unused Serialized files (Serialized files now loaded: 0)
Unloading 26 unused Assets / (96.2 KB). Loaded Objects now: 3878.
Memory consumption went from 236.7 MB to 236.6 MB.
Total: 3.667917 ms (FindLiveObjects: 0.295666 ms CreateObjectMapping: 0.130042 ms MarkObjects: 3.042958 ms  DeleteObjects: 0.197792 ms)

AssetImportParameters requested are different than current active one (requested -> active):
  custom:video-decoder-ogg-theora: a1e56fd34408186e4bbccfd4996cb3dc -> 
  custom:container-muxer-webm: aa71ff27fc2769a1b78a27578f13a17b -> 
  custom:container-demuxer-webm: 4f35f7cbe854078d1ac9338744f61a02 -> 
  custom:video-encoder-webm-vp8: eb34c28f22e8b96e1ab97ce403110664 -> 
  custom:framework-osx-AVFoundation: e770b220cccbd017edd2c1fefb359320 -> 
  custom:audio-encoder-webm-vorbis: bf7c407c2cedff20999df2af8eb42d56 -> 
  custom:container-demuxer-ogg: 62fdf1f143b41e24485cea50d1cbac27 -> 
  custom:video-decoder-webm-vp8: 9c59270c3fd7afecdb556c50c9e8de78 -> 
  custom:audio-decoder-ogg-vorbis: bf7c407c2cedff20999df2af8eb42d56 -> 
========================================================================
Received Import Request.
  Time since last request: 418661.230683 seconds.
  path: Assets/Scripts/Item.cs
  artifactKey: Guid(32d661798de9740678b6e1c583765f04) Importer(815301076,1909f56bfc062723c751e8b465ee728b)
Start importing Assets/Scripts/Item.cs using Guid(32d661798de9740678b6e1c583765f04) Importer(815301076,1909f56bfc062723c751e8b465ee728b)  -> (artifact id: 'feb0e0c16c46073e665fa3388f7d6433') in 0.306413 seconds 
========================================================================
Received Import Request.
  Time since last request: 8.056102 seconds.
  path: ProjectSettings/TagManager.asset
  artifactKey: Guid(00000000000000003000000000000000) Importer(815301076,1909f56bfc062723c751e8b465ee728b)
Start importing ProjectSettings/TagManager.asset using Guid(00000000000000003000000000000000) Importer(815301076,1909f56bfc062723c751e8b465ee728b)  -> (artifact id: '1d39cc4e12f606d059e0f96b2be742be') in 0.575307 seconds 
========================================================================
Received Import Request.
  Time since last request: 114.499423 seconds.
  path: Assets/Prefabs/Weapon Hammer.prefab
  artifactKey: Guid(09c26e7c396504ec6bc3532de167f5cb) Importer(815301076,1909f56bfc062723c751e8b465ee728b)
Start importing Assets/Prefabs/Weapon Hammer.prefab using Guid(09c26e7c396504ec6bc3532de167f5cb) Importer(815301076,1909f56bfc062723c751e8b465ee728b)  -> (artifact id: '67e4885f07bfdcf9dcdfd9a734a4387e') in 0.410783 seconds 
========================================================================
Received Import Request.
  Time since last request: 4.358609 seconds.
  path: Assets/Prefabs/Weapon HandGun.prefab
  artifactKey: Guid(d92ef19da58f74326bfc67916ce064dd) Importer(815301076,1909f56bfc062723c751e8b465ee728b)
Start importing Assets/Prefabs/Weapon HandGun.prefab using Guid(d92ef19da58f74326bfc67916ce064dd) Importer(815301076,1909f56bfc062723c751e8b465ee728b)  -> (artifact id: '59a49801356cf1cca3091748b39f619b') in 0.023504 seconds 
========================================================================
Received Import Request.
  Time since last request: 3.828948 seconds.
  path: Assets/Prefabs/Item Heart.prefab
  artifactKey: Guid(821e60518a22445ae85e8c767334cada) Importer(815301076,1909f56bfc062723c751e8b465ee728b)
Start importing Assets/Prefabs/Item Heart.prefab using Guid(821e60518a22445ae85e8c767334cada) Importer(815301076,1909f56bfc062723c751e8b465ee728b)  -> (artifact id: 'ececbc56684e9dd9c8561f22a5ec2af5') in 0.012156 seconds 
========================================================================
Received Import Request.
  Time since last request: 4.062984 seconds.
  path: Assets/Prefabs/Weapon SubMachineGun.prefab
  artifactKey: Guid(dd235cffe1376498abb8171728b5732a) Importer(815301076,1909f56bfc062723c751e8b465ee728b)
Start importing Assets/Prefabs/Weapon SubMachineGun.prefab using Guid(dd235cffe1376498abb8171728b5732a) Importer(815301076,1909f56bfc062723c751e8b465ee728b)  -> (artifact id: 'ae624934e1f35a00d9ad885ddaeaa673') in 0.018253 seconds 
========================================================================
Received Import Request.
  Time since last request: 4.357546 seconds.
  path: Assets/Prefabs/Weapon Grenade.prefab
  artifactKey: Guid(a66d096552b2742df84a9c4f3c93c003) Importer(815301076,1909f56bfc062723c751e8b465ee728b)
Start importing Assets/Prefabs/Weapon Grenade.prefab using Guid(a66d096552b2742df84a9c4f3c93c003) Importer(815301076,1909f56bfc062723c751e8b465ee728b)  -> (artifact id: '1f47ec37d8eaf5b68e3d2706c637f365') in 0.011340 seconds 
========================================================================
Received Import Request.
  Time since last request: 4.033415 seconds.
  path: Assets/Prefabs/Coin Gold.prefab
  artifactKey: Guid(69de7c43c49274890818c7979fa012d5) Importer(815301076,1909f56bfc062723c751e8b465ee728b)
Start importing Assets/Prefabs/Coin Gold.prefab using Guid(69de7c43c49274890818c7979fa012d5) Importer(815301076,1909f56bfc062723c751e8b465ee728b)  -> (artifact id: '238330bbfc425acc95927c47d5d3db2c') in 0.013607 seconds 
========================================================================
Received Import Request.
  Time since last request: 14.441891 seconds.
  path: Assets/Prefabs/Weapon Hammer.prefab
  artifactKey: Guid(09c26e7c396504ec6bc3532de167f5cb) Importer(815301076,1909f56bfc062723c751e8b465ee728b)
Start importing Assets/Prefabs/Weapon Hammer.prefab using Guid(09c26e7c396504ec6bc3532de167f5cb) Importer(815301076,1909f56bfc062723c751e8b465ee728b)  -> (artifact id: '7326a7c6f4a3522379b9c60535557529') in 0.057783 seconds 
========================================================================
Received Import Request.
  Time since last request: 0.003336 seconds.
  path: Assets/Prefabs/Weapon HandGun.prefab
  artifactKey: Guid(d92ef19da58f74326bfc67916ce064dd) Importer(815301076,1909f56bfc062723c751e8b465ee728b)
Start importing Assets/Prefabs/Weapon HandGun.prefab using Guid(d92ef19da58f74326bfc67916ce064dd) Importer(815301076,1909f56bfc062723c751e8b465ee728b)  -> (artifact id: 'ad942c3af660b43e37df9dfdf934d4e7') in 0.012075 seconds 
========================================================================
Received Import Request.
  Time since last request: 0.000236 seconds.
  path: Assets/Prefabs/Weapon SubMachineGun.prefab
  artifactKey: Guid(dd235cffe1376498abb8171728b5732a) Importer(815301076,1909f56bfc062723c751e8b465ee728b)
Start importing Assets/Prefabs/Weapon SubMachineGun.prefab using Guid(dd235cffe1376498abb8171728b5732a) Importer(815301076,1909f56bfc062723c751e8b465ee728b)  -> (artifact id: '48540000bccdef3615252c1669986662') in 0.031005 seconds 
========================================================================
Received Import Request.
  Time since last request: 0.000112 seconds.
  path: Assets/Prefabs/Weapon Grenade.prefab
  artifactKey: Guid(a66d096552b2742df84a9c4f3c93c003) Importer(815301076,1909f56bfc062723c751e8b465ee728b)
Start importing Assets/Prefabs/Weapon Grenade.prefab using Guid(a66d096552b2742df84a9c4f3c93c003) Importer(815301076,1909f56bfc062723c751e8b465ee728b)  -> (artifact id: '8d621ccde66d5d031c9452bc70c36fbb') in 0.012779 seconds 
========================================================================
Received Import Request.
  Time since last request: 0.000080 seconds.
  path: Assets/Prefabs/Item Heart.prefab
  artifactKey: Guid(821e60518a22445ae85e8c767334cada) Importer(815301076,1909f56bfc062723c751e8b465ee728b)
Start importing Assets/Prefabs/Item Heart.prefab using Guid(821e60518a22445ae85e8c767334cada) Importer(815301076,1909f56bfc062723c751e8b465ee728b)  -> (artifact id: 'e0144f51291dfea53438e60330ac810b') in 0.009842 seconds 
========================================================================
Received Import Request.
  Time since last request: 1.046481 seconds.
  path: Assets/Prefabs/Weapon Hammer.prefab
  artifactKey: Guid(09c26e7c396504ec6bc3532de167f5cb) Importer(815301076,1909f56bfc062723c751e8b465ee728b)
Start importing Assets/Prefabs/Weapon Hammer.prefab using Guid(09c26e7c396504ec6bc3532de167f5cb) Importer(815301076,1909f56bfc062723c751e8b465ee728b)  -> (artifact id: '6273e739a48174bb3758e5593091a976') in 0.008536 seconds 
========================================================================
Received Import Request.
  Time since last request: 0.009883 seconds.
  path: Assets/Prefabs/Coin Gold.prefab
  artifactKey: Guid(69de7c43c49274890818c7979fa012d5) Importer(815301076,1909f56bfc062723c751e8b465ee728b)
Start importing Assets/Prefabs/Coin Gold.prefab using Guid(69de7c43c49274890818c7979fa012d5) Importer(815301076,1909f56bfc062723c751e8b465ee728b)  -> (artifact id: 'd4ebff255a3fdffca7c9c6ef16b71f12') in 0.012854 seconds 
========================================================================
Received Import Request.
  Time since last request: 0.000074 seconds.
  path: Assets/Prefabs/Weapon HandGun.prefab
  artifactKey: Guid(d92ef19da58f74326bfc67916ce064dd) Importer(815301076,1909f56bfc062723c751e8b465ee728b)
Start importing Assets/Prefabs/Weapon HandGun.prefab using Guid(d92ef19da58f74326bfc67916ce064dd) Importer(815301076,1909f56bfc062723c751e8b465ee728b)  -> (artifact id: '72fe8c5a7b13c798f16527982d707311') in 0.016865 seconds 
========================================================================
Received Import Request.
  Time since last request: 0.000071 seconds.
  path: Assets/Prefabs/Weapon Grenade.prefab
  artifactKey: Guid(a66d096552b2742df84a9c4f3c93c003) Importer(815301076,1909f56bfc062723c751e8b465ee728b)
Start importing Assets/Prefabs/Weapon Grenade.prefab using Guid(a66d096552b2742df84a9c4f3c93c003) Importer(815301076,1909f56bfc062723c751e8b465ee728b)  -> (artifact id: '4017e54b0a86019a88e7a1c2c7c6d101') in 0.015624 seconds 
AssetImportWorkerClient::OnTransportError - code=2 error=End of file
